{"name":"Вывести первые 10 заказов, удовлетворяющих требованиям","status":"broken","statusDetails":{"known":false,"muted":false,"flaky":false,"message":"Failed to invoke ru.bellintegrator.test.StepsDef.проверяемПервыеРезультатовСмотримНазваниеЦенуИНомерПервыхРезультатовСЦенойВыше(int,int,int) in file:/C:/Users/%d0%a1%d0%b5%d0%bc%d0%b5%d0%bd/IdeaProjects/SBushmakin_Homework_Sbrbank_Selenium/target/test-classes/, caused by java.lang.IllegalArgumentException: argument type mismatch","trace":"cucumber.runtime.CucumberException: Failed to invoke ru.bellintegrator.test.StepsDef.проверяемПервыеРезультатовСмотримНазваниеЦенуИНомерПервыхРезультатовСЦенойВыше(int,int,int) in file:/C:/Users/%d0%a1%d0%b5%d0%bc%d0%b5%d0%bd/IdeaProjects/SBushmakin_Homework_Sbrbank_Selenium/target/test-classes/, caused by java.lang.IllegalArgumentException: argument type mismatch\r\n\tat cucumber.runtime.Utils$1.call(Utils.java:29)\r\n\tat cucumber.runtime.Timeout.timeout(Timeout.java:16)\r\n\tat cucumber.runtime.Utils.invoke(Utils.java:20)\r\n\tat cucumber.runtime.java.JavaStepDefinition.execute(JavaStepDefinition.java:57)\r\n\tat cucumber.runner.PickleStepDefinitionMatch.runStep(PickleStepDefinitionMatch.java:50)\r\n\tat cucumber.runner.TestStep.executeStep(TestStep.java:63)\r\n\tat cucumber.runner.TestStep.run(TestStep.java:49)\r\n\tat cucumber.runner.PickleStepTestStep.run(PickleStepTestStep.java:43)\r\n\tat cucumber.runner.TestCase.run(TestCase.java:45)\r\n\tat cucumber.runner.Runner.runPickle(Runner.java:40)\r\n\tat cucumber.runtime.junit.PickleRunners$NoStepDescriptions.run(PickleRunners.java:146)\r\n\tat cucumber.runtime.junit.FeatureRunner.runChild(FeatureRunner.java:68)\r\n\tat cucumber.runtime.junit.FeatureRunner.runChild(FeatureRunner.java:23)\r\n\tat org.junit.runners.ParentRunner$3.run(ParentRunner.java:290)\r\n\tat org.junit.runners.ParentRunner$1.schedule(ParentRunner.java:71)\r\n\tat org.junit.runners.ParentRunner.runChildren(ParentRunner.java:288)\r\n\tat org.junit.runners.ParentRunner.access$000(ParentRunner.java:58)\r\n\tat org.junit.runners.ParentRunner$2.evaluate(ParentRunner.java:268)\r\n\tat org.junit.runners.ParentRunner.run(ParentRunner.java:363)\r\n\tat cucumber.runtime.junit.FeatureRunner.run(FeatureRunner.java:73)\r\n\tat cucumber.api.junit.Cucumber.runChild(Cucumber.java:122)\r\n\tat cucumber.api.junit.Cucumber.runChild(Cucumber.java:64)\r\n\tat org.junit.runners.ParentRunner$3.run(ParentRunner.java:290)\r\n\tat org.junit.runners.ParentRunner$1.schedule(ParentRunner.java:71)\r\n\tat org.junit.runners.ParentRunner.runChildren(ParentRunner.java:288)\r\n\tat org.junit.runners.ParentRunner.access$000(ParentRunner.java:58)\r\n\tat org.junit.runners.ParentRunner$2.evaluate(ParentRunner.java:268)\r\n\tat cucumber.api.junit.Cucumber$1.evaluate(Cucumber.java:131)\r\n\tat org.junit.runners.ParentRunner.run(ParentRunner.java:363)\r\n\tat org.junit.runner.JUnitCore.run(JUnitCore.java:137)\r\n\tat com.intellij.junit4.JUnit4IdeaTestRunner.startRunnerWithArgs(JUnit4IdeaTestRunner.java:69)\r\n\tat com.intellij.rt.junit.IdeaTestRunner$Repeater$1.execute(IdeaTestRunner.java:38)\r\n\tat com.intellij.rt.execution.junit.TestsRepeater.repeat(TestsRepeater.java:11)\r\n\tat com.intellij.rt.junit.IdeaTestRunner$Repeater.startRunnerWithArgs(IdeaTestRunner.java:35)\r\n\tat com.intellij.rt.junit.JUnitStarter.prepareStreamsAndStart(JUnitStarter.java:235)\r\n\tat com.intellij.rt.junit.JUnitStarter.main(JUnitStarter.java:54)\r\nCaused by: java.lang.IllegalArgumentException: argument type mismatch\r\n\tat java.base/jdk.internal.reflect.DirectMethodHandleAccessor.invoke(DirectMethodHandleAccessor.java:108)\r\n\tat java.base/java.lang.reflect.Method.invoke(Method.java:577)\r\n\tat cucumber.runtime.Utils$1.call(Utils.java:26)\r\n\t... 35 more\r\n"},"stage":"finished","description":"  Проверяем, что по запросу выводится необходимая информация","steps":[{"name":"Пусть  пользователь запускает Google Chrome","status":"passed","statusDetails":{"known":false,"muted":false,"flaky":false},"stage":"finished","steps":[],"attachments":[],"parameters":[],"start":1652523197488,"stop":1652523199607},{"name":"И  открывает сайт 'https://www.sberbank-ast.ru/'","status":"passed","statusDetails":{"known":false,"muted":false,"flaky":false},"stage":"finished","steps":[],"attachments":[],"parameters":[],"start":1652523199607,"stop":1652523200711},{"name":"Затем  вводит в поле поиска 'Страхование'","status":"passed","statusDetails":{"known":false,"muted":false,"flaky":false},"stage":"finished","steps":[],"attachments":[],"parameters":[],"start":1652523200711,"stop":1652523200913},{"name":"И  нажимает поиск","status":"passed","statusDetails":{"known":false,"muted":false,"flaky":false},"stage":"finished","steps":[],"attachments":[],"parameters":[],"start":1652523200913,"stop":1652523201595},{"name":"Тогда  задаем количество результатов поиска на страницу '20'","status":"passed","statusDetails":{"known":false,"muted":false,"flaky":false},"stage":"finished","steps":[],"attachments":[],"parameters":[],"start":1652523201595,"stop":1652523202714},{"name":"Также  проверяем первые '120' результатов, смотрим название, цену и номер первых '10' результатов с ценой выше '600000'","status":"broken","statusDetails":{"known":false,"muted":false,"flaky":false,"message":"Failed to invoke ru.bellintegrator.test.StepsDef.проверяемПервыеРезультатовСмотримНазваниеЦенуИНомерПервыхРезультатовСЦенойВыше(int,int,int) in file:/C:/Users/%d0%a1%d0%b5%d0%bc%d0%b5%d0%bd/IdeaProjects/SBushmakin_Homework_Sbrbank_Selenium/target/test-classes/, caused by java.lang.IllegalArgumentException: argument type mismatch","trace":"cucumber.runtime.CucumberException: Failed to invoke ru.bellintegrator.test.StepsDef.проверяемПервыеРезультатовСмотримНазваниеЦенуИНомерПервыхРезультатовСЦенойВыше(int,int,int) in file:/C:/Users/%d0%a1%d0%b5%d0%bc%d0%b5%d0%bd/IdeaProjects/SBushmakin_Homework_Sbrbank_Selenium/target/test-classes/, caused by java.lang.IllegalArgumentException: argument type mismatch\r\n\tat cucumber.runtime.Utils$1.call(Utils.java:29)\r\n\tat cucumber.runtime.Timeout.timeout(Timeout.java:16)\r\n\tat cucumber.runtime.Utils.invoke(Utils.java:20)\r\n\tat cucumber.runtime.java.JavaStepDefinition.execute(JavaStepDefinition.java:57)\r\n\tat cucumber.runner.PickleStepDefinitionMatch.runStep(PickleStepDefinitionMatch.java:50)\r\n\tat cucumber.runner.TestStep.executeStep(TestStep.java:63)\r\n\tat cucumber.runner.TestStep.run(TestStep.java:49)\r\n\tat cucumber.runner.PickleStepTestStep.run(PickleStepTestStep.java:43)\r\n\tat cucumber.runner.TestCase.run(TestCase.java:45)\r\n\tat cucumber.runner.Runner.runPickle(Runner.java:40)\r\n\tat cucumber.runtime.junit.PickleRunners$NoStepDescriptions.run(PickleRunners.java:146)\r\n\tat cucumber.runtime.junit.FeatureRunner.runChild(FeatureRunner.java:68)\r\n\tat cucumber.runtime.junit.FeatureRunner.runChild(FeatureRunner.java:23)\r\n\tat org.junit.runners.ParentRunner$3.run(ParentRunner.java:290)\r\n\tat org.junit.runners.ParentRunner$1.schedule(ParentRunner.java:71)\r\n\tat org.junit.runners.ParentRunner.runChildren(ParentRunner.java:288)\r\n\tat org.junit.runners.ParentRunner.access$000(ParentRunner.java:58)\r\n\tat org.junit.runners.ParentRunner$2.evaluate(ParentRunner.java:268)\r\n\tat org.junit.runners.ParentRunner.run(ParentRunner.java:363)\r\n\tat cucumber.runtime.junit.FeatureRunner.run(FeatureRunner.java:73)\r\n\tat cucumber.api.junit.Cucumber.runChild(Cucumber.java:122)\r\n\tat cucumber.api.junit.Cucumber.runChild(Cucumber.java:64)\r\n\tat org.junit.runners.ParentRunner$3.run(ParentRunner.java:290)\r\n\tat org.junit.runners.ParentRunner$1.schedule(ParentRunner.java:71)\r\n\tat org.junit.runners.ParentRunner.runChildren(ParentRunner.java:288)\r\n\tat org.junit.runners.ParentRunner.access$000(ParentRunner.java:58)\r\n\tat org.junit.runners.ParentRunner$2.evaluate(ParentRunner.java:268)\r\n\tat cucumber.api.junit.Cucumber$1.evaluate(Cucumber.java:131)\r\n\tat org.junit.runners.ParentRunner.run(ParentRunner.java:363)\r\n\tat org.junit.runner.JUnitCore.run(JUnitCore.java:137)\r\n\tat com.intellij.junit4.JUnit4IdeaTestRunner.startRunnerWithArgs(JUnit4IdeaTestRunner.java:69)\r\n\tat com.intellij.rt.junit.IdeaTestRunner$Repeater$1.execute(IdeaTestRunner.java:38)\r\n\tat com.intellij.rt.execution.junit.TestsRepeater.repeat(TestsRepeater.java:11)\r\n\tat com.intellij.rt.junit.IdeaTestRunner$Repeater.startRunnerWithArgs(IdeaTestRunner.java:35)\r\n\tat com.intellij.rt.junit.JUnitStarter.prepareStreamsAndStart(JUnitStarter.java:235)\r\n\tat com.intellij.rt.junit.JUnitStarter.main(JUnitStarter.java:54)\r\nCaused by: java.lang.IllegalArgumentException: argument type mismatch\r\n\tat java.base/jdk.internal.reflect.DirectMethodHandleAccessor.invoke(DirectMethodHandleAccessor.java:108)\r\n\tat java.base/java.lang.reflect.Method.invoke(Method.java:577)\r\n\tat cucumber.runtime.Utils$1.call(Utils.java:26)\r\n\t... 35 more\r\n"},"stage":"finished","steps":[],"attachments":[],"parameters":[],"start":1652523202714,"stop":1652523202729},{"name":"К тому же  выводим информацию в Allure и консоль","status":"skipped","statusDetails":{"known":false,"muted":false,"flaky":false},"stage":"finished","steps":[],"attachments":[],"parameters":[],"start":1652523202729,"stop":1652523202729},{"name":"И  закрываем Google Chrome","status":"skipped","statusDetails":{"known":false,"muted":false,"flaky":false},"stage":"finished","steps":[],"attachments":[],"parameters":[],"start":1652523202729,"stop":1652523202729}],"attachments":[],"parameters":[],"start":1652523197488,"stop":1652523202729,"uuid":"6d426e91-4f5c-41c7-9958-4f67634a54f3","historyId":"74c8247ba6ecf23eb9835c93721afd39","fullName":"Проверка результатов поиска заказов: Вывести первые 10 заказов, удовлетворяющих требованиям","labels":[{"name":"feature","value":"Проверка результатов поиска заказов"},{"name":"story","value":"Вывести первые 10 заказов, удовлетворяющих требованиям"},{"name":"tag","value":"all"},{"name":"tag","value":"correct"},{"name":"host","value":"DESKTOP-PBRSN5D"},{"name":"thread","value":"9720@DESKTOP-PBRSN5D.main(1)"},{"name":"package","value":"Проверка результатов поиска заказов"},{"name":"suite","value":"Проверка результатов поиска заказов"},{"name":"testClass","value":"Вывести первые 10 заказов, удовлетворяющих требованиям"},{"name":"framework","value":"cucumber4jvm"},{"name":"language","value":"java"}],"links":[]}